<?xml version="1.0" encoding="UTF-8"?>
<testsuite name="com.example.springstudy.SpringStudyApplicationTests" tests="1" skipped="0" failures="0" errors="0" timestamp="2024-03-07T05:15:38" hostname="DESKTOP-Q59T0BN" time="0.441">
  <properties/>
  <testcase name="testJpa()" classname="com.example.springstudy.SpringStudyApplicationTests" time="0.441"/>
  <system-out><![CDATA[14:15:34.351 [Test worker] INFO org.springframework.test.context.support.AnnotationConfigContextLoaderUtils -- Could not detect default configuration classes for test class [com.example.springstudy.SpringStudyApplicationTests]: SpringStudyApplicationTests does not declare any static, non-private, non-final, nested classes annotated with @Configuration.
14:15:34.427 [Test worker] INFO org.springframework.boot.test.context.SpringBootTestContextBootstrapper -- Found @SpringBootConfiguration com.example.springstudy.SpringStudyApplication for test class com.example.springstudy.SpringStudyApplicationTests

  .   ____          _            __ _ _
 /\\ / ___'_ __ _ _(_)_ __  __ _ \ \ \ \
( ( )\___ | '_ | '_| | '_ \/ _` | \ \ \ \
 \\/  ___)| |_)| | | | | || (_| |  ) ) ) )
  '  |____| .__|_| |_|_| |_\__, | / / / /
 =========|_|==============|___/=/_/_/_/
 :: Spring Boot ::                (v3.2.3)

2024-03-07T14:15:34.722+09:00  INFO 25440 --- [    Test worker] c.e.s.SpringStudyApplicationTests        : Starting SpringStudyApplicationTests using Java 21.0.2 with PID 25440 (started by rgere in C:\SpringStudy\SpringStudy)
2024-03-07T14:15:34.723+09:00  INFO 25440 --- [    Test worker] c.e.s.SpringStudyApplicationTests        : No active profile set, falling back to 1 default profile: "default"
2024-03-07T14:15:35.247+09:00  INFO 25440 --- [    Test worker] .s.d.r.c.RepositoryConfigurationDelegate : Bootstrapping Spring Data JPA repositories in DEFAULT mode.
2024-03-07T14:15:35.298+09:00  INFO 25440 --- [    Test worker] .s.d.r.c.RepositoryConfigurationDelegate : Finished Spring Data repository scanning in 41 ms. Found 1 JPA repository interface.
2024-03-07T14:15:35.520+09:00  WARN 25440 --- [    Test worker] trationDelegate$BeanPostProcessorChecker : Bean 'org.springframework.ws.config.annotation.DelegatingWsConfiguration' of type [org.springframework.ws.config.annotation.DelegatingWsConfiguration$$SpringCGLIB$$0] is not eligible for getting processed by all BeanPostProcessors (for example: not eligible for auto-proxying). The currently created BeanPostProcessor [annotationActionEndpointMapping] is declared through a non-static factory method on that class; consider declaring it as static instead.
2024-03-07T14:15:35.558+09:00  INFO 25440 --- [    Test worker] .w.s.a.s.AnnotationActionEndpointMapping : Supporting [WS-Addressing August 2004, WS-Addressing 1.0]
2024-03-07T14:15:35.757+09:00  INFO 25440 --- [    Test worker] o.hibernate.jpa.internal.util.LogHelper  : HHH000204: Processing PersistenceUnitInfo [name: default]
2024-03-07T14:15:35.816+09:00  INFO 25440 --- [    Test worker] org.hibernate.Version                    : HHH000412: Hibernate ORM core version 6.4.4.Final
2024-03-07T14:15:35.840+09:00  INFO 25440 --- [    Test worker] o.h.c.internal.RegionFactoryInitiator    : HHH000026: Second-level cache disabled
2024-03-07T14:15:36.053+09:00  INFO 25440 --- [    Test worker] o.s.o.j.p.SpringPersistenceUnitInfo      : No LoadTimeWeaver setup: ignoring JPA class transformer
2024-03-07T14:15:36.075+09:00  INFO 25440 --- [    Test worker] com.zaxxer.hikari.HikariDataSource       : HikariPool-1 - Starting...
2024-03-07T14:15:36.279+09:00  INFO 25440 --- [    Test worker] com.zaxxer.hikari.pool.HikariPool        : HikariPool-1 - Added connection org.postgresql.jdbc.PgConnection@1fd37440
2024-03-07T14:15:36.281+09:00  INFO 25440 --- [    Test worker] com.zaxxer.hikari.HikariDataSource       : HikariPool-1 - Start completed.
2024-03-07T14:15:36.373+09:00 DEBUG 25440 --- [    Test worker] o.h.t.d.sql.spi.DdlTypeRegistry          : addDescriptor(2003, org.hibernate.type.descriptor.sql.internal.ArrayDdlTypeImpl@1d8be7b9) replaced previous registration(org.hibernate.type.descriptor.sql.internal.ArrayDdlTypeImpl@48277712)
2024-03-07T14:15:36.373+09:00 DEBUG 25440 --- [    Test worker] o.h.t.d.sql.spi.DdlTypeRegistry          : addDescriptor(6, org.hibernate.type.descriptor.sql.internal.CapacityDependentDdlType@3d53e876) replaced previous registration(org.hibernate.type.descriptor.sql.internal.DdlTypeImpl@48d44b46)
2024-03-07T14:15:37.268+09:00  INFO 25440 --- [    Test worker] o.h.e.t.j.p.i.JtaPlatformInitiator       : HHH000489: No JTA platform available (set 'hibernate.transaction.jta.platform' to enable JTA platform integration)
2024-03-07T14:15:37.324+09:00  INFO 25440 --- [    Test worker] j.LocalContainerEntityManagerFactoryBean : Initialized JPA EntityManagerFactory for persistence unit 'default'
2024-03-07T14:15:37.794+09:00  WARN 25440 --- [    Test worker] JpaBaseConfiguration$JpaWebConfiguration : spring.jpa.open-in-view is enabled by default. Therefore, database queries may be performed during view rendering. Explicitly configure spring.jpa.open-in-view to disable this warning
2024-03-07T14:15:38.475+09:00  INFO 25440 --- [    Test worker] c.e.s.SpringStudyApplicationTests        : Started SpringStudyApplicationTests in 3.921 seconds (process running for 5.046)
Hibernate: 
    select
        m1_0.id,
        m1_0.email,
        m1_0.password 
    from
        member m1_0 
    where
        m1_0.id=?
]]></system-out>
  <system-err><![CDATA[WARNING: A Java agent has been loaded dynamically (C:\Users\rgere\.gradle\caches\modules-2\files-2.1\net.bytebuddy\byte-buddy-agent\1.14.12\be4984cb6fd1ef1d11f218a648889dfda44b8a15\byte-buddy-agent-1.14.12.jar)
WARNING: If a serviceability tool is in use, please run with -XX:+EnableDynamicAgentLoading to hide this warning
WARNING: If a serviceability tool is not in use, please run with -Djdk.instrument.traceUsage for more information
WARNING: Dynamic loading of agents will be disallowed by default in a future release
]]></system-err>
</testsuite>
